 0 0 0 0 0 0 0 0 0 0 0 0 0 0 0 0 0 0 0 0 0 0 2.00722 1.4991 1.32549 2.54701 0 0 0.595119 0.713863 3.58458 1.40631 1.236 1.19004 1.50917 3.0431 0.708887 5.44754 2.09972 3.30242 4.44492 3.52683 3.25522
 16.4 11.243 9.772 8.655 12.004 12.311 19.388 23.281 28.994 31.737 39.743 48.91 58.944 15.237 1.361 0 1.897 1.894 5.168 5.574 3.351 4.656 9.273 7.885 3.709 6.66 0.042 0.036 3.862 4.042 6.779 5.378 3.738 3.866 4.385 7.135 7.007 8.4 7.143 9.304 9.216 7.272 6.762
 0 0 0 0 0 0 0 0 0.887 1.416 1.655 1.92 1.131 0.22 0.448 0.404 1.122 0.444 0.254 0.186 0.778 0.237 0.306 0.322 0.498 0 0.145 0.126 0.135 0.114 0.235 0.256 0.141 0.225 0.176 0.208 0.137 0.213 0.124 0.204 0.238 0.152 0.122
 0 0 0 0 0 0 0 0 0 0 0 0 0 0 0 0 0 0 0 0 0 0 0 0.471018 0.153993 0.0384672 0 0 0 0 0 0 0 0 0 0 0 0 0 0 0 0 0
SurveyEst
 49981.5 0.198042
 45988.9 0.198042
 28498.8 0.198042
 -1000 0.832555
 31987.4 0.15899
 97602 0.119571
 139390 0.139321
 161148 0.178567
 184637 0.188318
 225482 0.139321
 224871 0.149166
 171028 0.119571
 162006 0.217406
 72662.8 0.0997513
 70880.6 0.25576
 20141.1 0.217406
 49636.8 0.585923
 19231.5 0.15899
 28556.3 0.188318
 47496.3 0.207738
 32598.5 0.207738
 34878.2 0.207738
 36870.5 0.207738
 48167.1 0.438112
 20359.9 0.168791
 28193.2 0.168791
 16571.3 0.168791
 24302.4 0.217406
 29954.2 0.198042
 38632 0.25576
 48895.6 0.178567
 37043.7 0.15899
 43315.8 0.168791
 29714.5 0.178567
 48879.5 0.198042
 60657.8 0.15899
 57548.6 0.15899
 70936.8 0.168791
 63472.1 0.129456
 57000 0.139321
 62176.8 0.198042
 49327.2 0.312233
 45192.6 0.149166
 38932.8 0.132417
 0 0
 0 0
 0 0
 0 0
 0 0
 0 0
 0 0
 0 0
 0 0
 0 0
 0 0
 0 0
 0 0
 0 0
 0 0
 0 0
 0 0
 0 0
 0 0
 0 0
 0 0
 0 0
 0 0
 0 0
 0 0
 0 0
 0 0
 0 0
 0 0
 0 0
 0 0
 0 0
 0 0
 0 0
 0 0
 0 0
 0 0
 0 0
 0 0
 22331 0.0633364
 19747 0.0763884
 0 0
 0 0
 0 0

Effort
 1 1 1 1 1 1 1 1 1 1 1 1 1 1 1 0 1 1 1 1 1 1 1 1 1 1 0 0 1 1 1 1 1 1 1 1 1 1 1 1 1 1 1
 1 1 1 1 1 1 1 1 1 1 1 1 1 1 1 1 1 1 1 1 1 1 1 1 1 1 1 1 1 1 1 1 1 1 1 1 1 1 1 1 1 1 1
 20 20 20 20 20 20 20 20 20 120.031 88.489 110.989 267.154 87.951 102.987 16.239 52.598 0 0 32.75 53.203 108.519 109.371 152.541 154.976 159.922 1.042 0 0 0 0 0 0 0 0 0 0 0 2 2 2 1.5 0

Number of Fs
 40 43 29
 19 40 34 3
YrFleetLF
 1990 1991 1992 1993 1996 1997 1998 1999 2000 2001 2002 2003 2004 2005 2006 2007 2008 2009 2010 0 0 0 0 0 0 0 -341715800 32764 0 0 0 0 0 0 -341715800 32764 0 0 0 0
 1968 1969 1970 1971 1972 1973 1974 1975 1976 1977 1978 1979 1980 1981 1982 1984 1985 1986 1987 1988 1989 1990 1991 1992 1993 1984 1997 1998 1999 2000 2001 2002 2003 2004 2005 2006 2007 2008 2009 2010
 1976 1977 1978 1979 1980 1981 1982 1983 1984 1985 1986 1987 1988 1989 1990 1991 1992 1994 1995 1996 1997 1998 1999 2000 2001 2002 2003 2004 2005 2006 2007 2008 2009 2010 0 0 0 0 -341715800 32764
 1991 1992 1993 0 0 0 0 0 0 0 -341715800 32764 0 0 0 0 0 0 -341715800 32764 0 0 0 0 0 0 -341715800 32764 0 0 0 0 0 0 1 1 0 0 0 0
YrSurveyLF
 1968 1969 1970 1972 1973 1974 1975 1976 1977 1978 1979 1980 1981 1982 1983 1984 1985 1986 1987 1988 1989 1990 1991 1992 1993 1994 1995 1996 1997 1998 1999 2000 2001 2002 2003 2004 2005 2006 2007 2008 2009 2010 2011
 11206992 0 7118400 0 0 0 0 0 0 0 0 0 0 0 0 0 0 0 0 0 0 0 0 0 0 0 0 0 0 0 0 0 0 0 0 0 0 0 0 0 0 0 0
FleetSelexPnt 
 1 1 1 1 1 2 2 2 2 2 2 2 2 2 2 2 2 2 2 2 2 2 2 2 2 2 2 2 2 2 2 2 2 2 2 2 2 2 2 2 2 2 2
 3 3 3 3 3 3 3 3 3 3 3 3 3 3 3 3 3 3 3 3 3 3 3 3 3 3 3 3 3 3 3 3 3 3 3 3 3 3 3 3 3 3 3
 4 4 4 4 4 4 4 4 4 4 4 4 4 4 4 4 4 4 4 4 4 4 4 4 4 4 4 4 4 4 4 4 4 4 4 4 4 4 4 4 4 4 4
SurveySelexPnt 
 5 5 6 6 6 7 7 7 7 7 7 7 7 7 8 8 8 8 8 8 8 8 8 8 8 8 8 8 8 8 8 8 8 8 8 8 8 8 8 8 8 8 8 8
 9 9 9 9 9 9 9 9 9 9 9 9 9 9 9 9 9 9 9 9 9 9 9 9 9 9 9 9 9 9 9 9 9 9 9 9 9 9 9 9 9 9 9 9
9 Total selectivity patterns
45 Total selectivity parameters
5 Total retension parameters
Retained par Specs
SurveyQPnt
 1 1 2 2 2 2 2 2 2 2 2 2 2 2 2 2 2 2 2 2 2 2 2 2 2 2 2 2 2 2 2 2 2 2 2 2 2 2 2 2 2 2 2 2
 3 3 3 3 3 3 3 3 3 3 3 3 3 3 3 3 3 3 3 3 3 3 3 3 3 3 3 3 3 3 3 3 3 3 3 3 3 3 3 3 3 3 3 3
NSurveyQ
3
SurveyQSpex
 -0.1 -100 0 1 0 -100
 -0.109815 -100 0 -1 0.896 0.03
 0 -100 1 -1 0 -100
MPars
0.18 0 1 -2
TransParsSpex
 0 -20 50 4
 0 -20 50 4
 0 -20 50 4
 0 -20 50 4
Number of terms: 13 15
 1e-005 100 100 1 0.0001 0.0001 0.0001 0.0001 1 1 1 1 1
 10 100 10 10 1 1 0 0 10 0.1 1 0.1 0.1 1 1
All parameters declared
Class Length, Weight Fecundity
1 76.3209 0.326549 0
2 94.9651 0.648298 0
3 114.905 1.17945 0.352814
4 134.737 1.94595 1.94595
5 154.4 3.04285 3.04285
Used Fishery LF
 0.0102403 0.0619654 0.40199 0.525804 0
 0.0544854 0.15926 0.3082 0.478054 0
 0.0132281 0.27831 0.484408 0.224053 0
 0.0170778 0.106746 0.473639 0.402537 0
 0.013107 0.240128 0.279449 0.467316 0
 0.00142857 0.185495 0.460549 0.352527 0
 0.00589218 0.0448688 0.482434 0.466805 0
 0.00856833 0.0276573 0.231996 0.731779 0
 0.0728853 0.236536 0.286155 0.404423 0
 0.0281473 0.189086 0.485526 0.297241 0
 0.0223939 0.0637114 0.501964 0.41193 0
 0.0663094 0.260781 0.285404 0.387505 0
 0.0658134 0.269621 0.478625 0.185941 0
 0.00532658 0.105714 0.344224 0.375814 0.168921
 0.0210065 0.140228 0.329121 0.469959 0.0396852
 0.0220012 0.204595 0.359131 0.402383 0.0118895
 0.00633781 0.0622689 0.431156 0.490757 0.0094803
 0.00639128 0.0693291 0.331299 0.582689 0.010291
 0.00975455 0.0570017 0.336187 0.587756 0.0093001
 0 0 0 0 0
 0 0 0 0 0
 0 0 0 0 0
 0 0 0 0 0
 0 0 0 0 0
 0 0 0 0 0
 0 0 0 0 0
 0 0 0 0 0
 0 0 0 0 0
 0 0 0 0 0
 0 0 0 0 0
 0 0 0 0 0
 0 0 0 0 0
 0 0 0 0 0
 0 0 0 0 0
 0 0 0 0 0
 0 0 0 0 0
 0 0 0 0 0
 0 0 0 0 0
 0 0 0 0 0
 0 0 0 0 0
 0 0 0.00498008 0.306773 0.688247
 0 0 0.0253758 0.436579 0.538045
 0 0 0.0526879 0.59992 0.347392
 0 0 0 0.530523 0.469477
 0 0 0 0.539356 0.460644
 0 0 0.0001 0.5152 0.4847
 0 0 0 0.568463 0.431537
 0 0 0 0.47721 0.52279
 0 0 0 0.404031 0.595969
 0 0 0 0.403269 0.596731
 0 0 0 0.425008 0.574992
 0 0 0 0.252811 0.747189
 0 0 0 0.283578 0.716422
 0 0 0 0.313777 0.686223
 0 0 0 0.592152 0.407848
 0 0 0.000251921 0.692153 0.307595
 0 0 0.000502449 0.680065 0.319432
 0 0 0 0.644885 0.355115
 0 0 0 0.5237 0.4763
 0 0 0 0.41432 0.58568
 0 0 0 0.361111 0.638889
 0 0 0.000288425 0.283425 0.716286
 0 0 0.000152051 0.26453 0.735318
 0 0 0.000417711 0.205514 0.794068
 0 0 0 0.288068 0.711932
 0 0 0.000556634 0.232079 0.767364
 0 0 0.000380857 0.252619 0.747
 0 0 0.000870745 0.301592 0.697537
 0 0 5.66059e-005 0.403544 0.5964
 0 0 0.000212932 0.299028 0.700759
 0 0 0.000699453 0.270988 0.728313
 0 0 0.000313253 0.311637 0.68805
 0 0 0.00049343 0.40359 0.595917
 0 0 4.99077e-005 0.188152 0.811798
 0 0 0.000215316 0.256154 0.74363
 0 0 0.000221889 0.274976 0.724802
 0 0 0.000178675 0.277348 0.722473
 0 0 6.86483e-005 0.230521 0.76941
 0 0 0 0.34773 0.65227
 0 0 9.93197e-005 0.332373 0.667527
 0 0.0335484 0.122968 0.379871 0.463613
 0.00660793 0.0248584 0.251416 0.464863 0.252255
 0 0.00290563 0.0534635 0.440028 0.503603
 0.0321043 0.0229917 0.0337866 0.290761 0.620356
 0.178914 0.155465 0.290066 0.237999 0.137555
 0.088953 0.202972 0.400177 0.238243 0.069654
 0.244413 0.25535 0.282295 0.174671 0.0432715
 0.17305 0.22335 0.282726 0.227196 0.0936779
 0.124462 0.203327 0.288787 0.284629 0.0987955
 0.0186938 0.108377 0.233909 0.405939 0.233081
 0.0474144 0.115245 0.199597 0.405641 0.232102
 0.0266646 0.124692 0.255395 0.373305 0.219945
 0.0433133 0.0806197 0.18258 0.341764 0.351723
 0.0059878 0.0339184 0.157342 0.374749 0.428003
 0.0605829 0.0929106 0.179171 0.31535 0.351985
 0.140148 0.0894607 0.178799 0.212949 0.378643
 0 0.022541 0.168379 0.517062 0.292018
 0.044198 0.00511945 0.0156997 0.145734 0.789249
 0.152724 0.189189 0.202917 0.202917 0.252252
 0.00469743 0.138989 0.254352 0.229069 0.372893
 0.00294744 0.011626 0.1626 0.359587 0.463239
 0.00580592 0.00815593 0.0698092 0.384573 0.531656
 0.00943273 0.00864667 0.0864667 0.487751 0.407703
 0.00206239 0.0346739 0.150425 0.242717 0.570121
 0.00348819 0.0372602 0.129063 0.227684 0.602505
 0.0191791 0.0723053 0.0914845 0.316264 0.500767
 0.0427046 0.177936 0.0925267 0.266904 0.419929
 0.0437956 0.145985 0.20438 0.131387 0.474453
 0.0268817 0.0752688 0.150538 0.247312 0.5
 0.0276498 0.110599 0.253456 0.35023 0.258065
 0.000505817 0.0298432 0.155286 0.289833 0.524532
 0.0029615 0.0325765 0.107601 0.261599 0.595262
 0 0.0157752 0.144681 0.389273 0.45027
 0.00604923 0.0385899 0.147476 0.380893 0.426992
 0 0 0 0 0
 0 0 0 0 0
 0 0 0 0 0
 0 0 0 0 0
 0 0 0 0 0
 0 0 0 0 0
 0.0505899 0.117976 0.204559 0.338132 0.288742
 0.00879912 0.178382 0.321568 0.253275 0.237976
 0 0.170417 0.443944 0.215222 0.170417
 0 0 0 0 0
 0 0 0 0 0
 0 0 0 0 0
 0 0 0 0 0
 0 0 0 0 0
 0 0 0 0 0
 0 0 0 0 0
 0 0 0 0 0
 0 0 0 0 0
 0 0 0 0 0
 0 0 0 0 0
 0 0 0 0 0
 0 0 0 0 0
 0 0 0 0 0
 0 0 0 0 0
 0 0 0 0 0
 0 0 0 0 0
 0 0 0 0 0
 0 0 0 0 0
 0 0 0 0 0
 0 0 0 0 0
 0 0 0 0 0
 0 0 0 0 0
 0 0 0 0 0
 0 0 0 0 0
 0 0 0 0 0
 0 0 0 0 0
 0 0 0 0 0
 0 0 0 0 0
 0 0 0 0 0
 0 0 0 0 0
 0 0 0 0 0
 0 0 0 0 0
 0 0 0 0 0
 0 0 0 0 0
 0 0 0 0 0
 0 0 0 0 0
Used Survey LF
 0.139744 0.327361 0.236716 0.160676 0.135503
 0.155764 0.329151 0.302217 0.150669 0.0621992
 0.150573 0.202681 0.25225 0.296316 0.0981802
 0.115129 0.354142 0.225005 0.21851 0.0872138
 0.193696 0.251607 0.314022 0.174558 0.0661168
 0.223966 0.217931 0.225121 0.234603 0.0983786
 0.323496 0.21409 0.187255 0.18175 0.0934077
 0.17114 0.341579 0.225446 0.177998 0.0838375
 0.0628449 0.283332 0.320703 0.233244 0.099876
 0.120398 0.183346 0.267598 0.287292 0.141366
 0.0984102 0.129742 0.208324 0.335195 0.228329
 0.164015 0.23435 0.164253 0.220862 0.216519
 0.213303 0.303483 0.241809 0.148066 0.0933396
 0.529824 0.245077 0.145761 0.0656616 0.0136761
 0.287459 0.413522 0.222564 0.0706363 0.00581876
 0.644884 0.239822 0.0755853 0.0360226 0.0036862
 0.120529 0.303267 0.34198 0.217502 0.0167216
 0.102391 0.165552 0.339479 0.337168 0.0554102
 0.180412 0.265873 0.224465 0.248505 0.0807453
 0.0391549 0.248861 0.267829 0.279501 0.164655
 0.00752531 0.156539 0.22876 0.370505 0.23667
 0.135261 0.123889 0.198058 0.302026 0.240766
 0.0757652 0.13785 0.102402 0.31556 0.368424
 0.0281915 0.302292 0.259889 0.196337 0.213291
 0.0686768 0.113264 0.328247 0.271921 0.217891
 0.0447564 0.107645 0.217717 0.389054 0.240827
 0.280808 0.121847 0.178791 0.268775 0.149779
 0.24809 0.345139 0.117186 0.130304 0.159281
 0.0175005 0.431226 0.301193 0.0943143 0.155765
 0.134026 0.114798 0.372197 0.235743 0.143235
 0.183144 0.0858461 0.102103 0.42062 0.208287
 0.138166 0.189761 0.163837 0.328519 0.179717
 0.0863855 0.340316 0.223294 0.135174 0.214831
 0.36471 0.0760889 0.219808 0.158599 0.180793
 0.136956 0.274574 0.141202 0.258529 0.188739
 0.264967 0.209351 0.223086 0.120452 0.182145
 0.346134 0.176672 0.184065 0.143998 0.149132
 0.180036 0.248843 0.129606 0.242617 0.198898
 0.0381076 0.266391 0.233193 0.236822 0.225486
 0.0234612 0.15902 0.333462 0.243218 0.24084
 0.0258243 0.11916 0.317039 0.369135 0.168842
 0.0530087 0.10872 0.233299 0.342172 0.2628
 0.118774 0.181354 0.202369 0.286834 0.21067
 0 0 0 0 0
 0 0 0 0 0
 0 0 0 0 0
 0 0 0 0 0
 0 0 0 0 0
 0 0 0 0 0
 0 0 0 0 0
 0 0 0 0 0
 0 0 0 0 0
 0 0 0 0 0
 0 0 0 0 0
 0 0 0 0 0
 0 0 0 0 0
 0 0 0 0 0
 0 0 0 0 0
 0 0 0 0 0
 0 0 0 0 0
 0 0 0 0 0
 0 0 0 0 0
 0 0 0 0 0
 0 0 0 0 0
 0 0 0 0 0
 0 0 0 0 0
 0 0 0 0 0
 0 0 0 0 0
 0 0 0 0 0
 0 0 0 0 0
 0 0 0 0 0
 0 0 0 0 0
 0 0 0 0 0
 0 0 0 0 0
 0 0 0 0 0
 0 0 0 0 0
 0 0 0 0 0
 0 0 0 0 0
 0 0 0 0 0
 0 0 0 0 0
 0 0 0 0 0
 0 0 0 0 0
 0 0 0 0 0
 0 0 0 0 0
 0 0 0 0 0
 0 0 0 0 0
 1 2 0 0
 2 2 0 5
 3 2 0 10
 4 2 0 15
 5 2 0 20
 6 2 0 25
 7 2 0 30
 8 2 0 35
 9 2 0 40
